Network Configuration:
batch_size: 32
hidden_layer_structure: [200]
learning_rate: 0.01
keep_prob: 0.5
rnn_cell: <class 'keras.layers.legacy_rnn.rnn_cell_impl.LSTMCell'>
lambda_w1: 0.0
lambda_w2: 0.0
lambda_o: 0.0
Num of problems: 124
Num of run: 5
Max num of run: 500
Keep Prob: 0.5
Epoch    1, Train AUC: 0.73684, Train Loss: 0.56412
Epoch    1, Test AUC: 0.78737, Test AUC Curr: 0.9458, Test Loss: 0.52316*
w_l1: 0.02777069138473721, w_l2: 0.0451988363742802
m1: 0.5867510809141445, m2: 0.0562619726361685. Saving the model
time used for this epoch: 74.23261022567749s
***********
Epoch    2, Train AUC: 0.79994, Train Loss: 0.50373
Epoch    2, Test AUC: 0.8038, Test AUC Curr: 0.94754, Test Loss: 0.49951*
w_l1: 0.04383283457039593, w_l2: 0.07208973037346354
m1: 0.4644842495367511, m2: 0.0487438774278239. Saving the model
time used for this epoch: 79.95779085159302s
***********
Epoch    3, Train AUC: 0.81255, Train Loss: 0.48664
Epoch    3, Test AUC: 0.81262, Test AUC Curr: 0.93556, Test Loss: 0.48809*
w_l1: 0.052367920318569995, w_l2: 0.0860934352756257
m1: 0.44763743051266214, m2: 0.03322654308510719. Saving the model
time used for this epoch: 76.96334552764893s
***********
Epoch    4, Train AUC: 0.82138, Train Loss: 0.47647
Epoch    4, Test AUC: 0.81712, Test AUC Curr: 0.93596, Test Loss: 0.47904*
w_l1: 0.05530072422556049, w_l2: 0.09032121617662338
m1: 0.41142680667078446, m2: 0.02795984762881257. Saving the model
time used for this epoch: 80.86584830284119s
***********
Epoch    5, Train AUC: 0.82683, Train Loss: 0.46844
Epoch    5, Test AUC: 0.81861, Test AUC Curr: 0.92648, Test Loss: 0.47653*
w_l1: 0.06417194763615675, w_l2: 0.1028764482307555
m1: 0.4012816553428042, m2: 0.02540955688415167. Saving the model
time used for this epoch: 84.59736585617065s
***********
Epoch    6, Train AUC: 0.83097, Train Loss: 0.4645
Epoch    6, Test AUC: 0.82077, Test AUC Curr: 0.91376, Test Loss: 0.47365*
w_l1: 0.0676021021858438, w_l2: 0.10786029685759864
m1: 0.353953057442866, m2: 0.01919530897170258. Saving the model
time used for this epoch: 92.05308151245117s
***********
Epoch    7, Train AUC: 0.83451, Train Loss: 0.45915
Epoch    7, Test AUC: 0.81988, Test AUC Curr: 0.90819, Test Loss: 0.47377
time used for this epoch: 70.01836252212524s
***********
Epoch    8, Train AUC: 0.83677, Train Loss: 0.45696
Epoch    8, Test AUC: 0.82088, Test AUC Curr: 0.91736, Test Loss: 0.47146*
w_l1: 0.07612793835239882, w_l2: 0.11918329487663527
m1: 0.3150092649783817, m2: 0.01631995131089891. Saving the model
time used for this epoch: 81.65278100967407s
***********
Epoch    9, Train AUC: 0.83969, Train Loss: 0.4538
Epoch    9, Test AUC: 0.81976, Test AUC Curr: 0.89535, Test Loss: 0.47485
time used for this epoch: 65.49489259719849s
***********
Epoch   10, Train AUC: 0.84475, Train Loss: 0.44341
Epoch   10, Test AUC: 0.82088, Test AUC Curr: 0.89731, Test Loss: 0.47334
time used for this epoch: 63.70132541656494s
***********
Epoch   11, Train AUC: 0.8489, Train Loss: 0.44005
Epoch   11, Test AUC: 0.81972, Test AUC Curr: 0.90192, Test Loss: 0.47569
time used for this epoch: 195.63567233085632s
***********
Epoch   12, Train AUC: 0.85045, Train Loss: 0.43757
Epoch   12, Test AUC: 0.81955, Test AUC Curr: 0.88939, Test Loss: 0.47596
time used for this epoch: 90.96749091148376s
***********
Epoch   13, Train AUC: 0.8553, Train Loss: 0.43062
Epoch   13, Test AUC: 0.81935, Test AUC Curr: 0.8821, Test Loss: 0.47815
time used for this epoch: 62.23669385910034s
***********
Epoch   14, Train AUC: 0.8581, Train Loss: 0.43417
Epoch   14, Test AUC: 0.81721, Test AUC Curr: 0.86956, Test Loss: 0.48389
time used for this epoch: 63.41561007499695s
***********
Epoch   15, Train AUC: 0.86018, Train Loss: 0.42695
Epoch   15, Test AUC: 0.81881, Test AUC Curr: 0.87153, Test Loss: 0.48069
time used for this epoch: 62.26852226257324s
***********
Epoch   16, Train AUC: 0.86367, Train Loss: 0.41824
Epoch   16, Test AUC: 0.81832, Test AUC Curr: 0.86908, Test Loss: 0.48553
time used for this epoch: 63.656548738479614s
***********
Epoch   17, Train AUC: 0.8658, Train Loss: 0.41628
Epoch   17, Test AUC: 0.81657, Test AUC Curr: 0.86664, Test Loss: 0.48644
time used for this epoch: 63.041062116622925s
***********
Epoch   18, Train AUC: 0.86712, Train Loss: 0.41835
Epoch   18, Test AUC: 0.81539, Test AUC Curr: 0.86119, Test Loss: 0.48803
time used for this epoch: 61.790942430496216s
***********
No improvement shown in 10 epochs. Quit Training.
The best testing result occured at: 7-th epoch, with testing AUC: 0.82088
*********************************
Epoch    1, Train AUC: 0.72964, Train Loss: 0.568
Epoch    1, Test AUC: 0.78563, Test AUC Curr: 0.95079, Test Loss: 0.52552*
w_l1: 0.02829982599146445, w_l2: 0.04468321133881389
m1: 0.5635423100679432, m2: 0.05669852805135794. Saving the model
time used for this epoch: 75.67872381210327s
***********
Epoch    2, Train AUC: 0.79719, Train Loss: 0.50617
Epoch    2, Test AUC: 0.80277, Test AUC Curr: 0.93923, Test Loss: 0.50152*
w_l1: 0.04207709896888952, w_l2: 0.06814825330113637
m1: 0.46374305126621373, m2: 0.04460552819878544. Saving the model
time used for this epoch: 80.33934903144836s
***********
Epoch    3, Train AUC: 0.81223, Train Loss: 0.48827
Epoch    3, Test AUC: 0.81004, Test AUC Curr: 0.93954, Test Loss: 0.48951*
w_l1: 0.0509981956002361, w_l2: 0.08274607735352489
m1: 0.4272699197035207, m2: 0.02964401948382387. Saving the model
time used for this epoch: 83.38958072662354s
***********
Epoch    4, Train AUC: 0.82039, Train Loss: 0.479
Epoch    4, Test AUC: 0.81666, Test AUC Curr: 0.93656, Test Loss: 0.47967*
w_l1: 0.05844847198285187, w_l2: 0.09371864421185673
m1: 0.409017912291538, m2: 0.024728552147804325. Saving the model
time used for this epoch: 80.63688230514526s
***********
Epoch    5, Train AUC: 0.82669, Train Loss: 0.46855
Epoch    5, Test AUC: 0.81664, Test AUC Curr: 0.91604, Test Loss: 0.48178
time used for this epoch: 67.98593044281006s
***********
Epoch    6, Train AUC: 0.82804, Train Loss: 0.47042
Epoch    6, Test AUC: 0.81779, Test AUC Curr: 0.92337, Test Loss: 0.47566*
w_l1: 0.06711036033076302, w_l2: 0.10604652875077321
m1: 0.3580605311920939, m2: 0.01673746141249281. Saving the model
time used for this epoch: 119.51563787460327s
***********
Epoch    7, Train AUC: 0.83379, Train Loss: 0.45605
Epoch    7, Test AUC: 0.82073, Test AUC Curr: 0.91209, Test Loss: 0.47229*
w_l1: 0.07140570945185677, w_l2: 0.11159340337700802
m1: 0.332674490426189, m2: 0.01245011919653599. Saving the model
time used for this epoch: 100.27929639816284s
***********
Epoch    8, Train AUC: 0.83793, Train Loss: 0.45093
Epoch    8, Test AUC: 0.82155, Test AUC Curr: 0.90787, Test Loss: 0.47259*
w_l1: 0.07368711364235792, w_l2: 0.11497511750814216
m1: 0.30957381099444103, m2: 0.011817736262832279. Saving the model
time used for this epoch: 79.52889800071716s
***********
Epoch    9, Train AUC: 0.84023, Train Loss: 0.45114
Epoch    9, Test AUC: 0.82146, Test AUC Curr: 0.90825, Test Loss: 0.47246
time used for this epoch: 74.64579510688782s
***********
Epoch   10, Train AUC: 0.84171, Train Loss: 0.45018
Epoch   10, Test AUC: 0.82044, Test AUC Curr: 0.89331, Test Loss: 0.47411
time used for this epoch: 107.03210496902466s
***********
Epoch   11, Train AUC: 0.84581, Train Loss: 0.44323
Epoch   11, Test AUC: 0.81986, Test AUC Curr: 0.89459, Test Loss: 0.47498
time used for this epoch: 63.296281576156616s
***********
Epoch   12, Train AUC: 0.84974, Train Loss: 0.44422
Epoch   12, Test AUC: 0.82065, Test AUC Curr: 0.89412, Test Loss: 0.47243
time used for this epoch: 62.68104958534241s
***********
Epoch   13, Train AUC: 0.8531, Train Loss: 0.43447
Epoch   13, Test AUC: 0.82023, Test AUC Curr: 0.88237, Test Loss: 0.47605
time used for this epoch: 62.65498423576355s
***********
Epoch   14, Train AUC: 0.85567, Train Loss: 0.42945
Epoch   14, Test AUC: 0.81892, Test AUC Curr: 0.87562, Test Loss: 0.47982
time used for this epoch: 64.06585454940796s
***********
Epoch   15, Train AUC: 0.85929, Train Loss: 0.42801
Epoch   15, Test AUC: 0.81741, Test AUC Curr: 0.86247, Test Loss: 0.4859
time used for this epoch: 60.669437646865845s
***********
Epoch   16, Train AUC: 0.85907, Train Loss: 0.4271
Epoch   16, Test AUC: 0.81795, Test AUC Curr: 0.86919, Test Loss: 0.48161
time used for this epoch: 59.45718026161194s
***********
Epoch   17, Train AUC: 0.86246, Train Loss: 0.42233
Epoch   17, Test AUC: 0.818, Test AUC Curr: 0.87003, Test Loss: 0.48237
time used for this epoch: 61.11911082267761s
***********
Epoch   18, Train AUC: 0.86717, Train Loss: 0.41567
Epoch   18, Test AUC: 0.81534, Test AUC Curr: 0.85997, Test Loss: 0.48652
time used for this epoch: 62.14733839035034s
***********
No improvement shown in 10 epochs. Quit Training.
The best testing result occured at: 7-th epoch, with testing AUC: 0.82155
*********************************
Epoch    1, Train AUC: 0.7381, Train Loss: 0.5626
Epoch    1, Test AUC: 0.78371, Test AUC Curr: 0.95463, Test Loss: 0.5246*
w_l1: 0.03126168405269072, w_l2: 0.04987051800334799
m1: 0.5522853613341568, m2: 0.06040943166203083. Saving the model
time used for this epoch: 76.31144094467163s
***********
Epoch    2, Train AUC: 0.79897, Train Loss: 0.50507
Epoch    2, Test AUC: 0.80614, Test AUC Curr: 0.9515, Test Loss: 0.49906*
w_l1: 0.04910904191635357, w_l2: 0.07962612269296677
m1: 0.46550339715873995, m2: 0.04410247874064825. Saving the model
time used for this epoch: 145.967533826828s
***********
Epoch    3, Train AUC: 0.81293, Train Loss: 0.48558
Epoch    3, Test AUC: 0.81341, Test AUC Curr: 0.93944, Test Loss: 0.48548*
w_l1: 0.055299515574606696, w_l2: 0.08967466027615781
m1: 0.4082458307597282, m2: 0.03051398599944857. Saving the model
time used for this epoch: 82.01942372322083s
***********
Epoch    4, Train AUC: 0.82084, Train Loss: 0.47454
Epoch    4, Test AUC: 0.81267, Test AUC Curr: 0.93158, Test Loss: 0.48296
time used for this epoch: 62.26580858230591s
***********
Epoch    5, Train AUC: 0.82598, Train Loss: 0.47116
Epoch    5, Test AUC: 0.81623, Test AUC Curr: 0.92554, Test Loss: 0.48033*
w_l1: 0.06782488925951996, w_l2: 0.10885428941062401
m1: 0.3664298949969117, m2: 0.0158357212919376. Saving the model
time used for this epoch: 77.53378963470459s
***********
Epoch    6, Train AUC: 0.83062, Train Loss: 0.46507
Epoch    6, Test AUC: 0.81902, Test AUC Curr: 0.90712, Test Loss: 0.4765*
w_l1: 0.07287766309822201, w_l2: 0.1153400696861422
m1: 0.3480543545398394, m2: 0.015101192931032292. Saving the model
time used for this epoch: 87.0207245349884s
***********
Epoch    7, Train AUC: 0.83469, Train Loss: 0.46063
Epoch    7, Test AUC: 0.81717, Test AUC Curr: 0.91444, Test Loss: 0.47624
time used for this epoch: 61.672812938690186s
***********
Epoch    8, Train AUC: 0.8367, Train Loss: 0.45472
Epoch    8, Test AUC: 0.81988, Test AUC Curr: 0.89823, Test Loss: 0.47561*
w_l1: 0.07980548647258158, w_l2: 0.12419412710138106
m1: 0.29891908585546634, m2: 0.013850002476103306. Saving the model
time used for this epoch: 75.84485197067261s
***********
Epoch    9, Train AUC: 0.84127, Train Loss: 0.44949
Epoch    9, Test AUC: 0.82067, Test AUC Curr: 0.90645, Test Loss: 0.47318*
w_l1: 0.08391795594308397, w_l2: 0.129758379344728
m1: 0.2895614576899321, m2: 0.012941823133451994. Saving the model
time used for this epoch: 84.87776637077332s
***********
Epoch   10, Train AUC: 0.8435, Train Loss: 0.44911
Epoch   10, Test AUC: 0.81904, Test AUC Curr: 0.89562, Test Loss: 0.47703
time used for this epoch: 124.41950869560242s
***********
Epoch   11, Train AUC: 0.84758, Train Loss: 0.43978
Epoch   11, Test AUC: 0.82037, Test AUC Curr: 0.89099, Test Loss: 0.47457
time used for this epoch: 71.31029653549194s
***********
Epoch   12, Train AUC: 0.85116, Train Loss: 0.43414
Epoch   12, Test AUC: 0.82111, Test AUC Curr: 0.88563, Test Loss: 0.47623*
w_l1: 0.09954098783307033, w_l2: 0.1499670253607592
m1: 0.23956145768993206, m2: 0.010989464084525825. Saving the model
time used for this epoch: 79.16244411468506s
***********
Epoch   13, Train AUC: 0.8531, Train Loss: 0.43449
Epoch   13, Test AUC: 0.81944, Test AUC Curr: 0.88225, Test Loss: 0.478
time used for this epoch: 65.37134623527527s
***********
Epoch   14, Train AUC: 0.85761, Train Loss: 0.42914
Epoch   14, Test AUC: 0.82023, Test AUC Curr: 0.88648, Test Loss: 0.47764
time used for this epoch: 63.394107818603516s
***********
Epoch   15, Train AUC: 0.85962, Train Loss: 0.427
Epoch   15, Test AUC: 0.81923, Test AUC Curr: 0.8795, Test Loss: 0.47846
time used for this epoch: 67.6468231678009s
***********
Epoch   16, Train AUC: 0.86179, Train Loss: 0.42583
Epoch   16, Test AUC: 0.81549, Test AUC Curr: 0.8618, Test Loss: 0.48557
time used for this epoch: 77.61413598060608s
***********
Epoch   17, Train AUC: 0.86482, Train Loss: 0.42061
Epoch   17, Test AUC: 0.8172, Test AUC Curr: 0.8681, Test Loss: 0.48408
time used for this epoch: 64.27360987663269s
***********
Epoch   18, Train AUC: 0.8668, Train Loss: 0.41836
Epoch   18, Test AUC: 0.81735, Test AUC Curr: 0.86195, Test Loss: 0.48314
time used for this epoch: 69.6944375038147s
***********
Epoch   19, Train AUC: 0.87101, Train Loss: 0.41387
Epoch   19, Test AUC: 0.81401, Test AUC Curr: 0.85243, Test Loss: 0.48958
time used for this epoch: 27257.191105127335s
***********
Epoch   20, Train AUC: 0.87193, Train Loss: 0.41381
Epoch   20, Test AUC: 0.81463, Test AUC Curr: 0.85425, Test Loss: 0.49132
time used for this epoch: 641.6132650375366s
***********
Epoch   21, Train AUC: 0.87286, Train Loss: 0.4094
Epoch   21, Test AUC: 0.81454, Test AUC Curr: 0.85458, Test Loss: 0.49261
time used for this epoch: 114.47159051895142s
***********
Epoch   22, Train AUC: 0.87456, Train Loss: 0.41158
Epoch   22, Test AUC: 0.8137, Test AUC Curr: 0.84916, Test Loss: 0.49564
time used for this epoch: 76.90372824668884s
***********
No improvement shown in 10 epochs. Quit Training.
The best testing result occured at: 11-th epoch, with testing AUC: 0.82111
*********************************
Epoch    1, Train AUC: 0.73062, Train Loss: 0.56905
Epoch    1, Test AUC: 0.78344, Test AUC Curr: 0.94245, Test Loss: 0.52517*
w_l1: 0.026220530740772137, w_l2: 0.04168485208165661
m1: 0.6166460778258184, m2: 0.0563948105636425. Saving the model
time used for this epoch: 78.21497821807861s
***********
Epoch    2, Train AUC: 0.79811, Train Loss: 0.50974
Epoch    2, Test AUC: 0.79992, Test AUC Curr: 0.93927, Test Loss: 0.5064*
w_l1: 0.040753386155394686, w_l2: 0.06558116788573046
m1: 0.47831995058678195, m2: 0.049609832694102934. Saving the model
time used for this epoch: 87.35662317276001s
***********
Epoch    3, Train AUC: 0.8085, Train Loss: 0.48963
Epoch    3, Test AUC: 0.81052, Test AUC Curr: 0.94404, Test Loss: 0.48912*
w_l1: 0.04790786548541402, w_l2: 0.07831103234806508
m1: 0.4516059295861643, m2: 0.03933545549695252. Saving the model
time used for this epoch: 85.58267641067505s
***********
Epoch    4, Train AUC: 0.82032, Train Loss: 0.47663
Epoch    4, Test AUC: 0.8148, Test AUC Curr: 0.93521, Test Loss: 0.48251*
w_l1: 0.055888622246221584, w_l2: 0.09028911779614712
m1: 0.41131871525633107, m2: 0.027114074650954587. Saving the model
time used for this epoch: 84.2648696899414s
***********
Epoch    5, Train AUC: 0.82513, Train Loss: 0.47115
Epoch    5, Test AUC: 0.81731, Test AUC Curr: 0.92788, Test Loss: 0.47829*
w_l1: 0.06081691696779728, w_l2: 0.09752230192267611
m1: 0.38633415688696726, m2: 0.02634471623901773. Saving the model
time used for this epoch: 80.34608626365662s
***********
Epoch    6, Train AUC: 0.82933, Train Loss: 0.4629
Epoch    6, Test AUC: 0.81788, Test AUC Curr: 0.91982, Test Loss: 0.4786*
w_l1: 0.064700329360487, w_l2: 0.10313055466388144
m1: 0.3484249536751081, m2: 0.016610202578262612. Saving the model
time used for this epoch: 76.51479125022888s
***********
Epoch    7, Train AUC: 0.83379, Train Loss: 0.46171
Epoch    7, Test AUC: 0.81938, Test AUC Curr: 0.90505, Test Loss: 0.47512*
w_l1: 0.0710024056701772, w_l2: 0.11172595219072474
m1: 0.330142063001853, m2: 0.0149255511573453. Saving the model
time used for this epoch: 82.24845933914185s
***********
Epoch    8, Train AUC: 0.83645, Train Loss: 0.45403
Epoch    8, Test AUC: 0.81891, Test AUC Curr: 0.91479, Test Loss: 0.47494
time used for this epoch: 89.207848072052s
***********
Epoch    9, Train AUC: 0.83869, Train Loss: 0.45409
Epoch    9, Test AUC: 0.81984, Test AUC Curr: 0.89926, Test Loss: 0.47625*
w_l1: 0.07717782051647945, w_l2: 0.12037524243011662
m1: 0.2846201358863496, m2: 0.01128677762066279. Saving the model
time used for this epoch: 73.67712759971619s
***********
Epoch   10, Train AUC: 0.84238, Train Loss: 0.44747
Epoch   10, Test AUC: 0.82083, Test AUC Curr: 0.90371, Test Loss: 0.47153*
w_l1: 0.0820015542137307, w_l2: 0.12669557198903764
m1: 0.2756948733786288, m2: 0.010764108766579345. Saving the model
time used for this epoch: 85.06196784973145s
***********
Epoch   11, Train AUC: 0.84734, Train Loss: 0.44353
Epoch   11, Test AUC: 0.81999, Test AUC Curr: 0.89569, Test Loss: 0.47556
time used for this epoch: 65.02773952484131s
***********
Epoch   12, Train AUC: 0.85025, Train Loss: 0.43535
Epoch   12, Test AUC: 0.81889, Test AUC Curr: 0.88054, Test Loss: 0.47826
time used for this epoch: 64.44847631454468s
***********
Epoch   13, Train AUC: 0.85397, Train Loss: 0.43558
Epoch   13, Test AUC: 0.81839, Test AUC Curr: 0.87965, Test Loss: 0.47796
time used for this epoch: 62.30414819717407s
***********
Epoch   14, Train AUC: 0.85629, Train Loss: 0.4326
Epoch   14, Test AUC: 0.81837, Test AUC Curr: 0.87734, Test Loss: 0.47855
time used for this epoch: 62.07307505607605s
***********
Epoch   15, Train AUC: 0.85988, Train Loss: 0.42598
Epoch   15, Test AUC: 0.81808, Test AUC Curr: 0.87557, Test Loss: 0.48173
time used for this epoch: 60.712270736694336s
***********
Epoch   16, Train AUC: 0.8625, Train Loss: 0.42011
Epoch   16, Test AUC: 0.81782, Test AUC Curr: 0.86712, Test Loss: 0.48301
time used for this epoch: 63.054896116256714s
***********
Epoch   17, Train AUC: 0.86634, Train Loss: 0.41914
Epoch   17, Test AUC: 0.81488, Test AUC Curr: 0.85279, Test Loss: 0.48831
time used for this epoch: 64.1633768081665s
***********
Epoch   18, Train AUC: 0.86956, Train Loss: 0.41484
Epoch   18, Test AUC: 0.81482, Test AUC Curr: 0.85317, Test Loss: 0.48833
time used for this epoch: 64.62769746780396s
***********
Epoch   19, Train AUC: 0.87104, Train Loss: 0.40817
Epoch   19, Test AUC: 0.81394, Test AUC Curr: 0.84909, Test Loss: 0.49058
time used for this epoch: 62.610304832458496s
***********
Epoch   20, Train AUC: 0.87355, Train Loss: 0.40821
Epoch   20, Test AUC: 0.81477, Test AUC Curr: 0.84847, Test Loss: 0.49146
time used for this epoch: 65.01407957077026s
***********
No improvement shown in 10 epochs. Quit Training.
The best testing result occured at: 9-th epoch, with testing AUC: 0.82083
*********************************
Epoch    1, Train AUC: 0.72709, Train Loss: 0.57378
Epoch    1, Test AUC: 0.78173, Test AUC Curr: 0.94454, Test Loss: 0.53078*
w_l1: 0.02716135385053056, w_l2: 0.0421939891112913
m1: 0.6384187770228537, m2: 0.05478757990914189. Saving the model
time used for this epoch: 86.02080297470093s
***********
Epoch    2, Train AUC: 0.79584, Train Loss: 0.50769
Epoch    2, Test AUC: 0.80315, Test AUC Curr: 0.961, Test Loss: 0.50021*
w_l1: 0.044858113438687626, w_l2: 0.07227931695363723
m1: 0.505929586164299, m2: 0.0575884783816529. Saving the model
time used for this epoch: 82.99110126495361s
***********
Epoch    3, Train AUC: 0.81216, Train Loss: 0.48791
Epoch    3, Test AUC: 0.81086, Test AUC Curr: 0.94347, Test Loss: 0.48891*
w_l1: 0.05391880654887112, w_l2: 0.08824669723875574
m1: 0.460284126003706, m2: 0.03851209325940012. Saving the model
time used for this epoch: 73.3103563785553s
***********
Epoch    4, Train AUC: 0.8201, Train Loss: 0.48218
Epoch    4, Test AUC: 0.81436, Test AUC Curr: 0.93073, Test Loss: 0.48453*
w_l1: 0.05967941322592055, w_l2: 0.0971023648641961
m1: 0.4209079678814083, m2: 0.032783871100797855. Saving the model
time used for this epoch: 98.56056141853333s
***********
Epoch    5, Train AUC: 0.82213, Train Loss: 0.48046
Epoch    5, Test AUC: 0.81738, Test AUC Curr: 0.93075, Test Loss: 0.47794*
w_l1: 0.06333812147680837, w_l2: 0.10269352421434608
m1: 0.42158739962940084, m2: 0.02760117308244137. Saving the model
time used for this epoch: 113.2588951587677s
***********
Epoch    6, Train AUC: 0.82845, Train Loss: 0.46794
Epoch    6, Test AUC: 0.8192, Test AUC Curr: 0.92041, Test Loss: 0.47584*
w_l1: 0.06798549963123382, w_l2: 0.10941425877443103
m1: 0.3942557134033354, m2: 0.02327266637892545. Saving the model
time used for this epoch: 131.1203408241272s
***********
Epoch    7, Train AUC: 0.83244, Train Loss: 0.46213
Epoch    7, Test AUC: 0.81924, Test AUC Curr: 0.92027, Test Loss: 0.47508*
w_l1: 0.07078996747022843, w_l2: 0.11295612573751707
m1: 0.36491661519456453, m2: 0.020754658580891816. Saving the model
time used for this epoch: 79.00392293930054s
***********
Epoch    8, Train AUC: 0.83632, Train Loss: 0.45682
Epoch    8, Test AUC: 0.81909, Test AUC Curr: 0.91339, Test Loss: 0.4757
time used for this epoch: 62.01377201080322s
***********
Epoch    9, Train AUC: 0.83989, Train Loss: 0.45386
Epoch    9, Test AUC: 0.8204, Test AUC Curr: 0.90873, Test Loss: 0.4734*
w_l1: 0.07793925746404162, w_l2: 0.12330784798907937
m1: 0.3171093267449043, m2: 0.016003508778937862. Saving the model
time used for this epoch: 77.07512331008911s
***********
Epoch   10, Train AUC: 0.84139, Train Loss: 0.45346
Epoch   10, Test AUC: 0.81994, Test AUC Curr: 0.90105, Test Loss: 0.47344
time used for this epoch: 65.71815824508667s
***********
Epoch   11, Train AUC: 0.8451, Train Loss: 0.44636
Epoch   11, Test AUC: 0.8192, Test AUC Curr: 0.88534, Test Loss: 0.47671
time used for this epoch: 67.69028735160828s
***********
Epoch   12, Train AUC: 0.84746, Train Loss: 0.44335
Epoch   12, Test AUC: 0.82055, Test AUC Curr: 0.89146, Test Loss: 0.47543*
w_l1: 0.09217971604807129, w_l2: 0.14236435971743164
m1: 0.26340333539221744, m2: 0.010799686605653981. Saving the model
time used for this epoch: 79.21948337554932s
***********
Epoch   13, Train AUC: 0.85182, Train Loss: 0.43835
Epoch   13, Test AUC: 0.81865, Test AUC Curr: 0.88132, Test Loss: 0.47895
time used for this epoch: 72.97525072097778s
***********
Epoch   14, Train AUC: 0.85544, Train Loss: 0.43119
Epoch   14, Test AUC: 0.81704, Test AUC Curr: 0.87804, Test Loss: 0.48186
time used for this epoch: 71.96774697303772s
***********
Epoch   15, Train AUC: 0.85559, Train Loss: 0.43214
Epoch   15, Test AUC: 0.81802, Test AUC Curr: 0.88544, Test Loss: 0.48097
time used for this epoch: 63.997150182724s
***********
Epoch   16, Train AUC: 0.85732, Train Loss: 0.42868
Epoch   16, Test AUC: 0.81924, Test AUC Curr: 0.87287, Test Loss: 0.4803
time used for this epoch: 66.00787687301636s
***********
Epoch   17, Train AUC: 0.86142, Train Loss: 0.42357
Epoch   17, Test AUC: 0.81655, Test AUC Curr: 0.87161, Test Loss: 0.48559
time used for this epoch: 67.9053738117218s
***********
Epoch   18, Train AUC: 0.86288, Train Loss: 0.42277
Epoch   18, Test AUC: 0.81609, Test AUC Curr: 0.86809, Test Loss: 0.48622
time used for this epoch: 65.93906021118164s
***********
Epoch   19, Train AUC: 0.86344, Train Loss: 0.42075
Epoch   19, Test AUC: 0.8164, Test AUC Curr: 0.86795, Test Loss: 0.48441
time used for this epoch: 71.91979026794434s
***********
Epoch   20, Train AUC: 0.87097, Train Loss: 0.41025
Epoch   20, Test AUC: 0.81535, Test AUC Curr: 0.86021, Test Loss: 0.49008
time used for this epoch: 64.89976930618286s
***********
Epoch   21, Train AUC: 0.87069, Train Loss: 0.41069
Epoch   21, Test AUC: 0.81404, Test AUC Curr: 0.8515, Test Loss: 0.49203
time used for this epoch: 62.775264501571655s
***********
Epoch   22, Train AUC: 0.87624, Train Loss: 0.40475
Epoch   22, Test AUC: 0.81261, Test AUC Curr: 0.84768, Test Loss: 0.4965
time used for this epoch: 61.49121356010437s
***********
No improvement shown in 10 epochs. Quit Training.
The best testing result occured at: 11-th epoch, with testing AUC: 0.82055
*********************************
average AUC for 5 runs: 0.8209827099663528
average AUC Current for 5 runs: 0.9012056605991775
average waviness-l1 for 5 runs: 0.08470746201792581
average waviness-l2 for 5 runs: 0.1306370738904012
average consistency_m1 for 5 runs: 0.2806485484867202
average consistency_m1 for 5 runs: 0.012138189406098069
latex: 
cell_type & num. layer & layer_structure & learning rate & keep prob. & $\lambda_o$ & $\lambda_{w_1}$ & $\lambda_{w_2}$ & Avg. AUC(N) & Avg. AUC(C) & Avg. $w_1$ & Avg. $w_2$ & Avg. $m_1$ & Avg. $m_2$\\ 
LSTM & 1 & 200 & 0.0100 & 0.5000 & 0.0000 & 0.0000 & 0.0000 & 0.8209827099663528 $\pm$ 0.0003340416528532911 & 0.9012056605991775 $\pm$ 0.01139341086133824 & 0.08470746201792581 $\pm$ 0.00978004407035682 & 0.1306370738904012 $\pm$ 0.013440220425050229 & 0.2806485484867202 $\pm$ 0.028381032225258288 & 0.012138189406098069 $\pm$ 0.0021255154697433086\\ 

